2021-10-31 23:32:44 下午 [Thread: main][ Class:org.apache.ibatis.logging.LogFactory >> Method: org.apache.ibatis.logging.LogFactory.setImplementation(LogFactory.java:105) ]
DEBUG:Logging initialized using 'class org.apache.ibatis.logging.log4j.Log4jImpl' adapter.
2021-10-31 23:32:45 下午 [Thread: main][ Class:org.apache.ibatis.datasource.pooled.PooledDataSource >> Method: org.apache.ibatis.datasource.pooled.PooledDataSource.forceCloseAll(PooledDataSource.java:353) ]
DEBUG:PooledDataSource forcefully closed/removed all connections.
2021-10-31 23:32:45 下午 [Thread: main][ Class:org.apache.ibatis.datasource.pooled.PooledDataSource >> Method: org.apache.ibatis.datasource.pooled.PooledDataSource.forceCloseAll(PooledDataSource.java:353) ]
DEBUG:PooledDataSource forcefully closed/removed all connections.
2021-10-31 23:32:45 下午 [Thread: main][ Class:org.apache.ibatis.datasource.pooled.PooledDataSource >> Method: org.apache.ibatis.datasource.pooled.PooledDataSource.forceCloseAll(PooledDataSource.java:353) ]
DEBUG:PooledDataSource forcefully closed/removed all connections.
2021-10-31 23:32:45 下午 [Thread: main][ Class:org.apache.ibatis.datasource.pooled.PooledDataSource >> Method: org.apache.ibatis.datasource.pooled.PooledDataSource.forceCloseAll(PooledDataSource.java:353) ]
DEBUG:PooledDataSource forcefully closed/removed all connections.
2021-10-31 23:34:28 下午 [Thread: main][ Class:org.apache.ibatis.logging.LogFactory >> Method: org.apache.ibatis.logging.LogFactory.setImplementation(LogFactory.java:105) ]
DEBUG:Logging initialized using 'class org.apache.ibatis.logging.log4j.Log4jImpl' adapter.
2021-10-31 23:34:28 下午 [Thread: main][ Class:org.apache.ibatis.datasource.pooled.PooledDataSource >> Method: org.apache.ibatis.datasource.pooled.PooledDataSource.forceCloseAll(PooledDataSource.java:353) ]
DEBUG:PooledDataSource forcefully closed/removed all connections.
2021-10-31 23:34:28 下午 [Thread: main][ Class:org.apache.ibatis.datasource.pooled.PooledDataSource >> Method: org.apache.ibatis.datasource.pooled.PooledDataSource.forceCloseAll(PooledDataSource.java:353) ]
DEBUG:PooledDataSource forcefully closed/removed all connections.
2021-10-31 23:34:28 下午 [Thread: main][ Class:org.apache.ibatis.datasource.pooled.PooledDataSource >> Method: org.apache.ibatis.datasource.pooled.PooledDataSource.forceCloseAll(PooledDataSource.java:353) ]
DEBUG:PooledDataSource forcefully closed/removed all connections.
2021-10-31 23:34:28 下午 [Thread: main][ Class:org.apache.ibatis.datasource.pooled.PooledDataSource >> Method: org.apache.ibatis.datasource.pooled.PooledDataSource.forceCloseAll(PooledDataSource.java:353) ]
DEBUG:PooledDataSource forcefully closed/removed all connections.
2021-10-31 23:35:47 下午 [Thread: main][ Class:org.apache.ibatis.logging.LogFactory >> Method: org.apache.ibatis.logging.LogFactory.setImplementation(LogFactory.java:105) ]
DEBUG:Logging initialized using 'class org.apache.ibatis.logging.log4j.Log4jImpl' adapter.
2021-10-31 23:35:47 下午 [Thread: main][ Class:org.apache.ibatis.datasource.pooled.PooledDataSource >> Method: org.apache.ibatis.datasource.pooled.PooledDataSource.forceCloseAll(PooledDataSource.java:353) ]
DEBUG:PooledDataSource forcefully closed/removed all connections.
2021-10-31 23:35:47 下午 [Thread: main][ Class:org.apache.ibatis.datasource.pooled.PooledDataSource >> Method: org.apache.ibatis.datasource.pooled.PooledDataSource.forceCloseAll(PooledDataSource.java:353) ]
DEBUG:PooledDataSource forcefully closed/removed all connections.
2021-10-31 23:35:47 下午 [Thread: main][ Class:org.apache.ibatis.datasource.pooled.PooledDataSource >> Method: org.apache.ibatis.datasource.pooled.PooledDataSource.forceCloseAll(PooledDataSource.java:353) ]
DEBUG:PooledDataSource forcefully closed/removed all connections.
2021-10-31 23:35:47 下午 [Thread: main][ Class:org.apache.ibatis.datasource.pooled.PooledDataSource >> Method: org.apache.ibatis.datasource.pooled.PooledDataSource.forceCloseAll(PooledDataSource.java:353) ]
DEBUG:PooledDataSource forcefully closed/removed all connections.
2021-10-31 23:35:47 下午 [Thread: main][ Class:com.kuang.dao.UserMapperTest >> Method: com.kuang.dao.UserMapperTest.test(UserMapperTest.java:30) ]
INFO:我写的:
2021-10-31 23:35:47 下午 [Thread: main][ Class:com.kuang.dao.UserMapperTest >> Method: com.kuang.dao.UserMapperTest.test(UserMapperTest.java:31) ]
INFO:org.apache.ibatis.session.defaults.DefaultSqlSession@173ed316
2021-10-31 23:36:37 下午 [Thread: main][ Class:org.apache.ibatis.logging.LogFactory >> Method: org.apache.ibatis.logging.LogFactory.setImplementation(LogFactory.java:105) ]
DEBUG:Logging initialized using 'class org.apache.ibatis.logging.log4j.Log4jImpl' adapter.
2021-10-31 23:36:37 下午 [Thread: main][ Class:org.apache.ibatis.datasource.pooled.PooledDataSource >> Method: org.apache.ibatis.datasource.pooled.PooledDataSource.forceCloseAll(PooledDataSource.java:353) ]
DEBUG:PooledDataSource forcefully closed/removed all connections.
2021-10-31 23:36:37 下午 [Thread: main][ Class:org.apache.ibatis.datasource.pooled.PooledDataSource >> Method: org.apache.ibatis.datasource.pooled.PooledDataSource.forceCloseAll(PooledDataSource.java:353) ]
DEBUG:PooledDataSource forcefully closed/removed all connections.
2021-10-31 23:36:37 下午 [Thread: main][ Class:org.apache.ibatis.datasource.pooled.PooledDataSource >> Method: org.apache.ibatis.datasource.pooled.PooledDataSource.forceCloseAll(PooledDataSource.java:353) ]
DEBUG:PooledDataSource forcefully closed/removed all connections.
2021-10-31 23:36:37 下午 [Thread: main][ Class:org.apache.ibatis.datasource.pooled.PooledDataSource >> Method: org.apache.ibatis.datasource.pooled.PooledDataSource.forceCloseAll(PooledDataSource.java:353) ]
DEBUG:PooledDataSource forcefully closed/removed all connections.
2021-10-31 23:36:37 下午 [Thread: main][ Class:com.kuang.dao.UserMapperTest >> Method: com.kuang.dao.UserMapperTest.test(UserMapperTest.java:30) ]
INFO:我写的:
2021-10-31 23:36:37 下午 [Thread: main][ Class:com.kuang.dao.UserMapperTest >> Method: com.kuang.dao.UserMapperTest.test(UserMapperTest.java:31) ]
INFO:org.apache.ibatis.session.defaults.DefaultSqlSession@74ea2410
2021-10-31 23:36:37 下午 [Thread: main][ Class:org.apache.ibatis.transaction.jdbc.JdbcTransaction >> Method: org.apache.ibatis.transaction.jdbc.JdbcTransaction.openConnection(JdbcTransaction.java:136) ]
DEBUG:Opening JDBC Connection
2021-10-31 23:36:39 下午 [Thread: main][ Class:org.apache.ibatis.datasource.pooled.PooledDataSource >> Method: org.apache.ibatis.datasource.pooled.PooledDataSource.popConnection(PooledDataSource.java:424) ]
DEBUG:Created connection 840514538.
2021-10-31 23:36:39 下午 [Thread: main][ Class:org.apache.ibatis.transaction.jdbc.JdbcTransaction >> Method: org.apache.ibatis.transaction.jdbc.JdbcTransaction.setDesiredAutoCommit(JdbcTransaction.java:100) ]
DEBUG:Setting autocommit to false on JDBC Connection [com.mysql.jdbc.JDBC4Connection@32193bea]
2021-10-31 23:36:39 下午 [Thread: main][ Class:com.kuang.dao.UserMapper.getUserList >> Method: org.apache.ibatis.logging.jdbc.BaseJdbcLogger.debug(BaseJdbcLogger.java:143) ]
DEBUG:==>  Preparing: select * from mybatis.user 
2021-10-31 23:36:39 下午 [Thread: main][ Class:com.kuang.dao.UserMapper.getUserList >> Method: org.apache.ibatis.logging.jdbc.BaseJdbcLogger.debug(BaseJdbcLogger.java:143) ]
DEBUG:==> Parameters: 
2021-10-31 23:36:39 下午 [Thread: main][ Class:com.kuang.dao.UserMapper.getUserList >> Method: org.apache.ibatis.logging.jdbc.BaseJdbcLogger.debug(BaseJdbcLogger.java:143) ]
DEBUG:<==      Total: 4
2021-10-31 23:36:39 下午 [Thread: main][ Class:org.apache.ibatis.transaction.jdbc.JdbcTransaction >> Method: org.apache.ibatis.transaction.jdbc.JdbcTransaction.resetAutoCommit(JdbcTransaction.java:122) ]
DEBUG:Resetting autocommit to true on JDBC Connection [com.mysql.jdbc.JDBC4Connection@32193bea]
2021-10-31 23:36:39 下午 [Thread: main][ Class:org.apache.ibatis.transaction.jdbc.JdbcTransaction >> Method: org.apache.ibatis.transaction.jdbc.JdbcTransaction.close(JdbcTransaction.java:90) ]
DEBUG:Closing JDBC Connection [com.mysql.jdbc.JDBC4Connection@32193bea]
2021-10-31 23:36:39 下午 [Thread: main][ Class:org.apache.ibatis.datasource.pooled.PooledDataSource >> Method: org.apache.ibatis.datasource.pooled.PooledDataSource.pushConnection(PooledDataSource.java:381) ]
DEBUG:Returned connection 840514538 to pool.
