04-Oct-2021 11:08:35.369 信息 [main] org.apache.catalina.startup.VersionLoggerListener.log Server.服务器版本: Apache Tomcat/9.0.53
04-Oct-2021 11:08:35.404 信息 [main] org.apache.catalina.startup.VersionLoggerListener.log 服务器构建:        Sep 6 2021 19:09:00 UTC
04-Oct-2021 11:08:35.414 信息 [main] org.apache.catalina.startup.VersionLoggerListener.log 服务器版本号:      9.0.53.0
04-Oct-2021 11:08:35.445 信息 [main] org.apache.catalina.startup.VersionLoggerListener.log 操作系统名称:      Windows 10
04-Oct-2021 11:08:35.462 信息 [main] org.apache.catalina.startup.VersionLoggerListener.log OS.版本:           10.0
04-Oct-2021 11:08:35.466 信息 [main] org.apache.catalina.startup.VersionLoggerListener.log 架构:              amd64
04-Oct-2021 11:08:35.466 信息 [main] org.apache.catalina.startup.VersionLoggerListener.log Java 环境变量:     C:\Program Files\Java\jdk-11.0.12
04-Oct-2021 11:08:35.468 信息 [main] org.apache.catalina.startup.VersionLoggerListener.log Java虚拟机版本:    11.0.12+8-LTS-237
04-Oct-2021 11:08:35.468 信息 [main] org.apache.catalina.startup.VersionLoggerListener.log JVM.供应商:        Oracle Corporation
04-Oct-2021 11:08:35.469 信息 [main] org.apache.catalina.startup.VersionLoggerListener.log CATALINA_BASE:     D:\tomcat\apache-tomcat-9.0.53
04-Oct-2021 11:08:35.476 信息 [main] org.apache.catalina.startup.VersionLoggerListener.log CATALINA_HOME:     D:\tomcat\apache-tomcat-9.0.53
04-Oct-2021 11:08:35.524 信息 [main] org.apache.catalina.startup.VersionLoggerListener.log 命令行参数：       --add-opens=java.base/java.lang=ALL-UNNAMED
04-Oct-2021 11:08:35.525 信息 [main] org.apache.catalina.startup.VersionLoggerListener.log 命令行参数：       --add-opens=java.base/java.io=ALL-UNNAMED
04-Oct-2021 11:08:35.526 信息 [main] org.apache.catalina.startup.VersionLoggerListener.log 命令行参数：       --add-opens=java.base/java.util=ALL-UNNAMED
04-Oct-2021 11:08:35.531 信息 [main] org.apache.catalina.startup.VersionLoggerListener.log 命令行参数：       --add-opens=java.base/java.util.concurrent=ALL-UNNAMED
04-Oct-2021 11:08:35.533 信息 [main] org.apache.catalina.startup.VersionLoggerListener.log 命令行参数：       --add-opens=java.rmi/sun.rmi.transport=ALL-UNNAMED
04-Oct-2021 11:08:35.534 信息 [main] org.apache.catalina.startup.VersionLoggerListener.log 命令行参数：       -Djava.util.logging.config.file=D:\tomcat\apache-tomcat-9.0.53\conf\logging.properties
04-Oct-2021 11:08:35.548 信息 [main] org.apache.catalina.startup.VersionLoggerListener.log 命令行参数：       -Djava.util.logging.manager=org.apache.juli.ClassLoaderLogManager
04-Oct-2021 11:08:35.563 信息 [main] org.apache.catalina.startup.VersionLoggerListener.log 命令行参数：       -Djdk.tls.ephemeralDHKeySize=2048
04-Oct-2021 11:08:35.563 信息 [main] org.apache.catalina.startup.VersionLoggerListener.log 命令行参数：       -Djava.protocol.handler.pkgs=org.apache.catalina.webresources
04-Oct-2021 11:08:35.565 信息 [main] org.apache.catalina.startup.VersionLoggerListener.log 命令行参数：       -Dignore.endorsed.dirs=
04-Oct-2021 11:08:35.565 信息 [main] org.apache.catalina.startup.VersionLoggerListener.log 命令行参数：       -Dcatalina.base=D:\tomcat\apache-tomcat-9.0.53
04-Oct-2021 11:08:35.566 信息 [main] org.apache.catalina.startup.VersionLoggerListener.log 命令行参数：       -Dcatalina.home=D:\tomcat\apache-tomcat-9.0.53
04-Oct-2021 11:08:35.568 信息 [main] org.apache.catalina.startup.VersionLoggerListener.log 命令行参数：       -Djava.io.tmpdir=D:\tomcat\apache-tomcat-9.0.53\temp
04-Oct-2021 11:08:35.694 信息 [main] org.apache.catalina.core.AprLifecycleListener.lifecycleEvent 使用APR版本[1.7.0]加载了基于APR的Apache Tomcat本机库[1.2.31]。
04-Oct-2021 11:08:35.710 信息 [main] org.apache.catalina.core.AprLifecycleListener.lifecycleEvent APR功能：IPv6[true]、sendfile[true]、accept filters[false]、random[true]、UDS [true]。
04-Oct-2021 11:08:35.712 信息 [main] org.apache.catalina.core.AprLifecycleListener.lifecycleEvent APR/OpenSSL配置：useAprConnector[false]，useOpenSSL[true]
04-Oct-2021 11:08:35.732 信息 [main] org.apache.catalina.core.AprLifecycleListener.initializeSSL OpenSSL成功初始化 [OpenSSL 1.1.1l  24 Aug 2021]
04-Oct-2021 11:08:36.930 信息 [main] org.apache.coyote.AbstractProtocol.init 初始化协议处理器 ["http-nio-8080"]
04-Oct-2021 11:08:37.102 信息 [main] org.apache.catalina.startup.Catalina.load 服务器在[2992]毫秒内初始化
04-Oct-2021 11:08:37.401 信息 [main] org.apache.catalina.core.StandardService.startInternal 正在启动服务[Catalina]
04-Oct-2021 11:08:37.485 信息 [main] org.apache.catalina.core.StandardEngine.startInternal 正在启动 Servlet 引擎：[Apache Tomcat/9.0.53]
04-Oct-2021 11:08:37.587 信息 [main] org.apache.catalina.startup.HostConfig.deployDirectory 把web 应用程序部署到目录 [D:\tomcat\apache-tomcat-9.0.53\webapps\docs]
04-Oct-2021 11:08:39.671 警告 [main] org.apache.catalina.util.SessionIdGeneratorBase.createSecureRandom 使用[SHA1PRNG]创建会话ID生成的SecureRandom实例花费了[784]毫秒。
04-Oct-2021 11:08:39.833 信息 [main] org.apache.catalina.startup.HostConfig.deployDirectory Web应用程序目录[D:\tomcat\apache-tomcat-9.0.53\webapps\docs]的部署已在[2,246]毫秒内完成
04-Oct-2021 11:08:39.903 信息 [main] org.apache.catalina.startup.HostConfig.deployDirectory 把web 应用程序部署到目录 [D:\tomcat\apache-tomcat-9.0.53\webapps\examples]
04-Oct-2021 11:08:41.652 信息 [main] org.apache.catalina.startup.HostConfig.deployDirectory Web应用程序目录[D:\tomcat\apache-tomcat-9.0.53\webapps\examples]的部署已在[1,751]毫秒内完成
04-Oct-2021 11:08:41.685 信息 [main] org.apache.catalina.startup.HostConfig.deployDirectory 把web 应用程序部署到目录 [D:\tomcat\apache-tomcat-9.0.53\webapps\host-manager]
04-Oct-2021 11:08:41.860 信息 [main] org.apache.catalina.startup.HostConfig.deployDirectory Web应用程序目录[D:\tomcat\apache-tomcat-9.0.53\webapps\host-manager]的部署已在[174]毫秒内完成
04-Oct-2021 11:08:41.907 信息 [main] org.apache.catalina.startup.HostConfig.deployDirectory 把web 应用程序部署到目录 [D:\tomcat\apache-tomcat-9.0.53\webapps\manager]
04-Oct-2021 11:08:42.073 信息 [main] org.apache.catalina.startup.HostConfig.deployDirectory Web应用程序目录[D:\tomcat\apache-tomcat-9.0.53\webapps\manager]的部署已在[166]毫秒内完成
04-Oct-2021 11:08:42.093 信息 [main] org.apache.catalina.startup.HostConfig.deployDirectory 把web 应用程序部署到目录 [D:\tomcat\apache-tomcat-9.0.53\webapps\ROOT]
04-Oct-2021 11:08:42.310 信息 [main] org.apache.catalina.startup.HostConfig.deployDirectory Web应用程序目录[D:\tomcat\apache-tomcat-9.0.53\webapps\ROOT]的部署已在[217]毫秒内完成
04-Oct-2021 11:08:42.406 信息 [main] org.apache.coyote.AbstractProtocol.start 开始协议处理句柄["http-nio-8080"]
04-Oct-2021 11:08:43.544 信息 [main] org.apache.catalina.startup.Catalina.start [6424]毫秒后服务器启动
